build/app/outputs/mapping/release/mapping.txt
# compiler: R8
# compiler_version: 2.1.62
# min_api: 16
# pg_map_id: dda01c5
# common_typos_disable
...
io.flutter.plugin.platform.PlatformViewsAccessibilityDelegate -> io.flutter.plugin.platform.i:
    android.view.View getPlatformViewById(java.lang.Integer) -> a
    boolean usesVirtualDisplay(java.lang.Integer) -> b
    void attachAccessibilityBridge(io.flutter.view.AccessibilityBridge) -> c
    void detachAccessibiltyBridge() -> d
io.flutter.plugin.platform.PlatformViewsController -> io.flutter.plugin.platform.j:
    java.util.HashMap contextToPlatformView -> j
    int nextOverlayLayerId -> n
    java.util.HashSet currentFrameUsedOverlayLayerIds -> p
    io.flutter.embedding.android.MotionEventTracker motionEventTracker -> r
    java.util.HashMap vdControllers -> i
    android.content.Context context -> c
    android.util.SparseArray overlayLayerViews -> m
    boolean flutterViewConvertedToImageView -> o
    io.flutter.plugin.platform.AccessibilityEventsDelegate accessibilityEventsDelegate -> h
    io.flutter.embedding.android.AndroidTouchProcessor androidTouchProcessor -> b
    io.flutter.view.TextureRegistry textureRegistry -> e
    java.util.HashSet currentFrameUsedPlatformViewIds -> q
    io.flutter.plugin.platform.PlatformViewRegistryImpl registry -> a
    io.flutter.plugin.editing.TextInputPlugin textInputPlugin -> f
    io.flutter.embedding.engine.systemchannels.PlatformViewsChannel$PlatformViewsHandler channelHandler -> s
    io.flutter.embedding.engine.systemchannels.PlatformViewsChannel platformViewsChannel -> g
    android.util.SparseArray platformViews -> k
    android.view.View flutterView -> d
    android.util.SparseArray platformViewParent -> l
    void destroyOverlaySurfaces() -> A
    void detach() -> B
    void detachFromView() -> C
    void detachTextInputPlugin() -> D
    void finishFrame(boolean) -> E
    void flushAllViews() -> F
    float getDisplayDensity() -> G
io.flutter.plugin.platform.PlatformViewsController$1 -> io.flutter.plugin.platform.j$a:
    io.flutter.plugin.platform.PlatformViewsController this$0 -> a
    void clearFocus(int) -> a
    void resizePlatformView(io.flutter.embedding.engine.systemchannels.PlatformViewsChannel$PlatformViewResizeRequest,java.lang.Runnable) -> b
    void disposeAndroidViewForPlatformView(int) -> c
    void disposeVirtualDisplayForPlatformView(int) -> d
    long createVirtualDisplayForPlatformView(io.flutter.embedding.engine.systemchannels.PlatformViewsChannel$PlatformViewCreationRequest) -> e
    void setDirection(int,int) -> f
    void createAndroidViewForPlatformView(io.flutter.embedding.engine.systemchannels.PlatformViewsChannel$PlatformViewCreationRequest) -> g
    void onTouch(io.flutter.embedding.engine.systemchannels.PlatformViewsChannel$PlatformViewTouch) -> h
    void ensureValidAndroidVersion(int) -> i
    void lambda$createVirtualDisplayForPlatformView$0(io.flutter.embedding.engine.systemchannels.PlatformViewsChannel$PlatformViewCreationRequest,android.view.View,boolean) -> j
    void lambda$createVirtualDisplayForPlatformView$0$PlatformViewsController$1(io.flutter.embedding.engine.systemchannels.PlatformViewsChannel$PlatformViewCreationRequest,android.view.View,boolean) -> k
io.flutter.plugin.platform.PlatformViewsController$1$1 -> io.flutter.plugin.platform.j$a$a:
    io.flutter.plugin.platform.VirtualDisplayController val$vdController -> a
    java.lang.Runnable val$onComplete -> b
    io.flutter.plugin.platform.PlatformViewsController$1 this$1 -> c
io.flutter.plugin.platform.SingleViewPresentation$AccessibilityDelegatingFrameLayout -> io.flutter.plugin.platform.SingleViewPresentation$a:
    android.view.View embeddedView -> b
    io.flutter.plugin.platform.AccessibilityEventsDelegate accessibilityEventsDelegate -> a
io.flutter.plugin.platform.SingleViewPresentation$FakeWindowViewGroup -> io.flutter.plugin.platform.SingleViewPresentation$b:
    android.graphics.Rect viewBounds -> a
    android.graphics.Rect childRect -> b
    int atMost(int) -> a