build/app/outputs/mapping/release/usage.txt
com.example.flutter_try.R$style
com.example.flutter_try.R$styleable
com.example.flutter_try.R$dimen
com.example.flutter_try.R$layout
com.example.flutter_try.R$drawable
com.example.flutter_try.R$id
com.example.flutter_try.R$color
com.example.flutter_try.R$mipmap
com.example.flutter_try.R
com.example.flutter_try.R$string
com.example.flutter_try.R$attr
com.example.flutter_try.BuildConfig
com.example.flutter_try.R$integer
...
io.flutter.app.FlutterActivityDelegate
androidx.core.content.pm.PermissionInfoCompat
com.google.common.graph.AbstractGraph
com.google.common.graph.Graphs$NodeVisitState
androidx.test.internal.runner.listener.ActivityFinisherRunListener
kotlin.io.SerializableKt
androidx.core.view.ViewCompat$ScrollIndicators
org.junit.runner.notification.RunNotifier$1
io.flutter.embedding.android.SplashScreenProvider
com.google.common.cache.RemovalListener
androidx.core.view.NestedScrollingParentHelper
kotlin.jvm.internal.ByteSpreadBuilder
com.google.common.collect.MapMakerInternalMap$StrongKeyStrongValueSegment
com.google.common.escape.Escaper$1
androidx.core.view.accessibility.AccessibilityWindowInfoCompat
com.google.common.collect.ImmutableTable$SerializedForm
org.hamcrest.core.Is
androidx.core.location.LocationManagerCompat
com.google.common.collect.Tables
org.junit.ComparisonFailure$ComparisonCompactor
androidx.test.espresso.core.internal.deps.guava.util.concurrent.GwtFluentFutureCatchingSpecialization
com.google.common.base.Function
kotlin.text.Typography
io.flutter.embedding.android.FlutterActivity$CachedEngineIntentBuilder
kotlin.ULongArray
androidx.test.runner.screenshot.Screenshot
androidx.core.provider.FontsContractCompat$4$6
androidx.activity.R$color
com.google.common.base.CharMatcher$NegatedFastMatcher
com.google.common.collect.DenseImmutableTable$RowMap
io.flutter.plugin.common.FlutterException:
    private static final java.lang.String TAG
com.google.common.collect.TreeBasedTable
org.hamcrest.core.DescribedAs
com.google.common.base.Converter$ConverterComposition
com.google.common.base.FinalizableReferenceQueue
com.google.common.cache.LocalCache$EntryFactory$2
com.google.common.util.concurrent.AbstractTransformFuture$AsyncTransformFuture
com.google.common.graph.ValueGraph
kotlin.jvm.functions.Function20
org.junit.runner.RunWith
androidx.lifecycle.ViewModel
androidx.annotation.RequiresApi
com.google.common.io.BaseEncoding
com.google.common.util.concurrent.Futures$CallbackListener
kotlin.jvm.internal.LocalVariableReference
org.hamcrest.Matcher
androidx.test.rule.provider.ProviderArgs
androidx.core.app.NotificationCompat$DecoratedCustomViewStyle
androidx.test.espresso.matcher.ViewMatchers$HasLinksMatcher
com.google.common.util.concurrent.AsyncCallable
com.google.common.collect.CollectPreconditions
androidx.viewpager.R$color
kotlin.internal.AccessibleLateinitPropertyLiteral
kotlin.jvm.internal.ShortSpreadBuilder
org.junit.experimental.theories.internal.BooleanSupplier
com.google.common.hash.Hashing$ChecksumType$2
androidx.test.espresso.core.internal.deps.guava.cache.LocalCache$ValueIterator
androidx.core.view.ViewCompat$2
com.google.common.collect.MapMakerInternalMap$EntrySet
com.google.common.collect.MultimapBuilder$4
com.google.common.util.concurrent.WrappingExecutorService$1
io.flutter.embedding.engine.deferredcomponents.PlayStoreDeferredComponentManager$FeatureInstallStateUpdatedListener
kotlin.collections.AbstractMap$keys$1$iterator$1
androidx.loader.content.ModernAsyncTask$AsyncTaskResult
androidx.test.espresso.core.internal.deps.guava.cache.LocalCache$WeakAccessEntry
kotlin.jvm.internal.BooleanCompanionObject
io.flutter.embedding.engine.systemchannels.SystemChannel:
    private static final java.lang.String TAG
com.google.common.collect.Comparators
com.google.common.collect.ImmutableSet$SerializedForm
org.hamcrest.BaseMatcher
androidx.test.espresso.remote.ConstructorInvocation
com.google.common.collect.Synchronized$SynchronizedQueue
androidx.lifecycle.Lifecycling$1:
    void <init>(androidx.lifecycle.LifecycleEventObserver)
androidx.fragment.app.FragmentViewLifecycleOwner
com.google.common.collect.ImmutableList$ReverseImmutableList
kotlin.sequences.SequencesKt__SequencesKt$generateSequence$2
com.google.common.reflect.TypeToken$TypeFilter
androidx.core.content.ContextCompat$MainHandlerExecutor
androidx.lifecycle.ViewModelProvider$KeyedFactory
androidx.core.view.accessibility.AccessibilityViewCommand$SetTextArguments